<?xml version="1.0" encoding="UTF-8"?>
<!-- Generated by org.testng.reporters.JUnitReportReporter -->
<testsuite hostname="NASNEEN" failures="0" tests="1" name="testng.pkg.ScrollDown" time="1.534" errors="0" timestamp="2024-06-04T19:54:13 IST" skipped="0">
  <testcase classname="testng.pkg.ScrollDown" name="scrollDown2" time="1.534"/>
  <system-out/>
</testsuite> <!-- testng.pkg.ScrollDown -->
