<?xml version="1.0" encoding="UTF-8"?>
<!-- Generated by org.testng.reporters.JUnitReportReporter -->
<testsuite hostname="NASNEEN" failures="0" tests="1" name="testng.pkg.ActionPro" time="2.723" errors="0" timestamp="2024-06-05T19:52:45 IST" skipped="0">
  <testcase classname="testng.pkg.ActionPro" name="actionKey" time="2.723"/>
  <system-out/>
</testsuite> <!-- testng.pkg.ActionPro -->
