<?xml version="1.0" encoding="UTF-8"?>
<!-- Generated by org.testng.reporters.JUnitReportReporter -->
<testsuite hostname="NASNEEN" failures="0" tests="1" name="testng.pkg.WindowHandlePro" time="3.664" errors="0" timestamp="2024-07-13T13:48:18 IST" skipped="0">
  <testcase classname="testng.pkg.WindowHandlePro" name="windowHandle" time="3.664"/>
  <system-out/>
</testsuite> <!-- testng.pkg.WindowHandlePro -->
