<?xml version="1.0" encoding="UTF-8"?>
<!-- Generated by org.testng.reporters.JUnitReportReporter -->
<testsuite hostname="NASNEEN" failures="0" tests="1" name="testng.pkg.Torridwebsite" time="6.615" errors="0" timestamp="2024-06-07T11:32:19 IST" skipped="0">
  <testcase classname="testng.pkg.Torridwebsite" name="torridsite" time="6.615"/>
  <system-out/>
</testsuite> <!-- testng.pkg.Torridwebsite -->
