<?xml version="1.0" encoding="UTF-8"?>
<!-- Generated by org.testng.reporters.JUnitReportReporter -->
<testsuite hostname="NASNEEN" failures="0" tests="5" name="testng.pkg.Demo" time="0.008" errors="0" timestamp="2024-05-30T19:52:54 IST" skipped="0">
  <testcase classname="testng.pkg.Demo" name="main3" time="0.004"/>
  <system-out/>
  <testcase classname="testng.pkg.Demo" name="main2" time="0.001"/>
  <system-out/>
  <testcase classname="testng.pkg.Demo" name="alert" time="0.002"/>
  <system-out/>
  <testcase classname="testng.pkg.Demo" name="main2" time="0.001"/>
  <system-out/>
  <testcase classname="testng.pkg.Demo" name="main1" time="0.000"/>
  <system-out/>
</testsuite> <!-- testng.pkg.Demo -->
