<?xml version="1.0" encoding="UTF-8"?>
<!-- Generated by org.testng.reporters.JUnitReportReporter -->
<testsuite hostname="NASNEEN" failures="0" tests="1" name="testng.pkg.DragandDrop" time="38.114" errors="0" timestamp="2024-06-06T11:13:31 IST" skipped="0">
  <testcase classname="testng.pkg.DragandDrop" name="draganddrop" time="38.114"/>
  <system-out/>
</testsuite> <!-- testng.pkg.DragandDrop -->
