<?xml version="1.0" encoding="UTF-8"?>
<!-- Generated by org.testng.reporters.JUnitReportReporter -->
<testsuite hostname="NASNEEN" failures="0" tests="1" name="testng.pkg.DataDrivenTest" time="13.707" errors="0" timestamp="2024-07-12T14:37:48 IST" skipped="0">
  <testcase classname="testng.pkg.DataDrivenTest" name="test" time="13.707"/>
  <system-out/>
</testsuite> <!-- testng.pkg.DataDrivenTest -->
