<?xml version="1.0" encoding="UTF-8"?>
<!-- Generated by org.testng.reporters.JUnitReportReporter -->
<testsuite hostname="NASNEEN" failures="0" tests="7" name="testng.pkg.TravelPro" time="8.725" errors="0" timestamp="2024-06-04T09:37:09 IST" skipped="0">
  <testcase classname="testng.pkg.TravelPro" name="links" time="2.199"/>
  <system-out/>
  <testcase classname="testng.pkg.TravelPro" name="logoDisplayed" time="0.999"/>
  <system-out/>
  <testcase classname="testng.pkg.TravelPro" name="verifyText" time="0.510"/>
  <system-out/>
  <testcase classname="testng.pkg.TravelPro" name="radioButton" time="2.286"/>
  <system-out/>
  <testcase classname="testng.pkg.TravelPro" name="screenshot" time="1.243"/>
  <system-out/>
  <testcase classname="testng.pkg.TravelPro" name="registerPage" time="1.037"/>
  <system-out/>
  <testcase classname="testng.pkg.TravelPro" name="testVerify" time="0.451"/>
  <system-out/>
</testsuite> <!-- testng.pkg.TravelPro -->
