<?xml version="1.0" encoding="UTF-8"?>
<!-- Generated by org.testng.reporters.JUnitReportReporter -->
<testsuite hostname="NASNEEN" failures="0" tests="1" name="testng.pkg.FileUploadRobotClass" time="4.277" errors="0" timestamp="2024-07-12T14:05:18 IST" skipped="0">
  <testcase classname="testng.pkg.FileUploadRobotClass" name="fileUpload1" time="4.277"/>
  <system-out/>
</testsuite> <!-- testng.pkg.FileUploadRobotClass -->
