<?xml version="1.0" encoding="UTF-8"?>
<!-- Generated by org.testng.reporters.JUnitReportReporter -->
<testsuite hostname="NASNEEN" failures="0" tests="1" name="testng.pkg.FileUploadTextField" time="3.496" errors="0" timestamp="2024-07-12T14:05:42 IST" skipped="0">
  <testcase classname="testng.pkg.FileUploadTextField" name="fileUpload" time="3.496"/>
  <system-out/>
</testsuite> <!-- testng.pkg.FileUploadTextField -->
