<?xml version="1.0" encoding="UTF-8"?>
<!-- Generated by org.testng.reporters.JUnitReportReporter -->
<testsuite hostname="NASNEEN" failures="0" tests="1" name="testng.pkg.EbayWebsite" time="5.574" errors="0" timestamp="2024-07-01T07:08:16 IST" skipped="0">
  <testcase classname="testng.pkg.EbayWebsite" name="ebaysite" time="5.574"/>
  <system-out/>
</testsuite> <!-- testng.pkg.EbayWebsite -->
