<?xml version="1.0" encoding="UTF-8"?>
<!-- Generated by org.testng.reporters.JUnitReportReporter -->
<testsuite hostname="NASNEEN" failures="0" tests="1" name="testng.pkg.WorkPro" time="1.354" errors="0" timestamp="2024-07-05T12:36:24 IST" skipped="0">
  <testcase classname="testng.pkg.WorkPro" name="urlLoading" time="1.354"/>
  <system-out/>
</testsuite> <!-- testng.pkg.WorkPro -->
