<?xml version="1.0" encoding="UTF-8"?>
<!-- Generated by org.testng.reporters.JUnitReportReporter -->
<testsuite hostname="NASNEEN" failures="0" tests="1" name="test.pkg.FBloginTest" time="7.587" errors="0" timestamp="2024-06-18T11:38:11 IST" skipped="0">
  <testcase classname="test.pkg.FBloginTest" name="fbLogin" time="7.587"/>
  <system-out/>
</testsuite> <!-- test.pkg.FBloginTest -->
