<?xml version="1.0" encoding="UTF-8"?>
<!-- Generated by org.testng.reporters.JUnitReportReporter -->
<testsuite hostname="NASNEEN" failures="0" tests="1" name="testng.pkg.FileuploadAutoit" time="10.304" errors="0" timestamp="2024-07-12T14:04:58 IST" skipped="0">
  <testcase classname="testng.pkg.FileuploadAutoit" name="fileUpload" time="10.304"/>
  <system-out/>
</testsuite> <!-- testng.pkg.FileuploadAutoit -->
