<?xml version="1.0" encoding="UTF-8"?>
<!-- Generated by org.testng.reporters.JUnitReportReporter -->
<testsuite hostname="NASNEEN" failures="0" tests="3" name="testng.pkg.CrossBrowserTest" time="11.581" errors="0" timestamp="2024-06-04T11:39:44 IST" skipped="0">
  <testcase classname="testng.pkg.CrossBrowserTest" name="testparawithXml" time="8.372"/>
  <system-out/>
  <testcase classname="testng.pkg.CrossBrowserTest" name="testparawithXml" time="1.937"/>
  <system-out/>
  <testcase classname="testng.pkg.CrossBrowserTest" name="testparawithXml" time="1.272"/>
  <system-out/>
</testsuite> <!-- testng.pkg.CrossBrowserTest -->
