<?xml version="1.0" encoding="UTF-8"?>
<!-- Generated by org.testng.reporters.JUnitReportReporter -->
<testsuite hostname="NASNEEN" failures="0" tests="1" name="testng.pkg.DatePicker" time="6.629" errors="0" timestamp="2024-06-18T09:44:36 IST" skipped="0">
  <testcase classname="testng.pkg.DatePicker" name="datePicker" time="6.629"/>
  <system-out/>
</testsuite> <!-- testng.pkg.DatePicker -->
