<?xml version="1.0" encoding="UTF-8"?>
<!-- Generated by org.testng.reporters.JUnitReportReporter -->
<testsuite hostname="NASNEEN" failures="0" tests="2" name="test.pkg.PageFactory" time="8.167" errors="0" timestamp="2024-06-19T10:11:05 IST" skipped="0">
  <testcase classname="test.pkg.PageFactory" name="fbLogin" time="6.622"/>
  <system-out/>
  <testcase classname="test.pkg.PageFactory" name="assertion" time="1.545"/>
  <system-out/>
</testsuite> <!-- test.pkg.PageFactory -->
