<?xml version="1.0" encoding="UTF-8"?>
<!-- Generated by org.testng.reporters.JUnitReportReporter -->
<testsuite hostname="NASNEEN" failures="0" tests="1" name="testng.pkg.ParameterTest" time="0.008" errors="0" timestamp="2024-06-04T11:05:39 IST" skipped="0">
  <testcase classname="testng.pkg.ParameterTest" name="main" time="0.008"/>
  <system-out/>
</testsuite> <!-- testng.pkg.ParameterTest -->
