<?xml version="1.0" encoding="UTF-8"?>
<!-- Generated by org.testng.reporters.JUnitReportReporter -->
<testsuite hostname="NASNEEN" failures="0" tests="7" name="testng.pkg.Grouping" time="0.012" errors="0" timestamp="2024-05-31T11:21:55 IST" skipped="0">
  <testcase classname="testng.pkg.Grouping" name="main3" time="0.000"/>
  <system-out/>
  <testcase classname="testng.pkg.Grouping" name="main2" time="0.002"/>
  <system-out/>
  <testcase classname="testng.pkg.Grouping" name="main4" time="0.001"/>
  <system-out/>
  <testcase classname="testng.pkg.Grouping" name="main1" time="0.007"/>
  <system-out/>
  <testcase classname="testng.pkg.Grouping" name="main6" time="0.001"/>
  <system-out/>
  <testcase classname="testng.pkg.Grouping" name="main2" time="0.001"/>
  <system-out/>
  <testcase classname="testng.pkg.Grouping" name="main5" time="0.000"/>
  <system-out/>
</testsuite> <!-- testng.pkg.Grouping -->
