<?xml version="1.0" encoding="UTF-8"?>
<!-- Generated by org.testng.reporters.JUnitReportReporter -->
<testsuite hostname="NASNEEN" failures="0" tests="1" name="testng.pkg.ActionDragandDrop" time="14.999" errors="0" timestamp="2024-07-12T14:18:06 IST" skipped="0">
  <testcase classname="testng.pkg.ActionDragandDrop" name="dragAndDrop" time="14.999"/>
  <system-out/>
</testsuite> <!-- testng.pkg.ActionDragandDrop -->
