<?xml version="1.0" encoding="UTF-8"?>
<!-- Generated by org.testng.reporters.JUnitReportReporter -->
<testsuite hostname="NASNEEN" failures="0" tests="1" name="testng.Demo" time="0.006" errors="0" timestamp="2024-05-30T10:30:16 IST" skipped="0">
  <testcase classname="testng.Demo" name="titleVerification" time="0.006"/>
  <system-out/>
</testsuite> <!-- testng.Demo -->
